p/542.jpg 1 0 0 77 154
p/543.jpg 1 0 0 77 154
p/544.jpg 1 0 0 77 154
p/531.jpg 1 0 0 77 154
p/497.jpg 1 0 0 35 70
p/498.jpg 1 0 0 35 70
p/499.jpg 1 0 0 35 70
p/251.jpg 1 0 0 46 91
p/129.jpg 1 0 0 35 70
p/137.jpg 1 0 0 46 91
p/138.jpg 1 0 0 35 70
p/209.jpg 1 0 0 46 91
p/210.jpg 1 0 0 46 91
p/1203.jpg 1 0 0 35 70
p/372.jpg 1 0 0 32 65
p/373.jpg 1 0 0 28 57
p/374.jpg 1 0 0 28 57
p/381.jpg 1 0 0 32 65
p/382.jpg 1 0 0 35 70
p/384.jpg 1 0 0 35 70
p/313.jpg 1 0 0 35 70
p/314.jpg 1 0 0 35 70
p/315.jpg 1 0 0 35 70
p/163.jpg 1 0 0 24 47
p/164.jpg 1 0 0 30 59
p/165.jpg 1 0 0 30 59
p/166.jpg 1 0 0 35 70
p/167.jpg 1 0 0 35 70
p/54.jpg 1 0 0 32 63
p/55.jpg 1 0 0 33 66
p/57.jpg 1 0 0 25 51
p/58.jpg 1 0 0 24 47
p/59.jpg 1 0 0 35 70
p/60.jpg 1 0 0 32 63
p/66.jpg 1 0 0 27 53
p/67.jpg 1 0 0 35 70
p/81.jpg 1 0 0 100 201
p/48.jpg 1 0 0 24 48
p/49.jpg 1 0 0 31 62
p/50.jpg 1 0 0 30 61
p/51.jpg 1 0 0 31 63
p/1605940218440.jpg 1 0 0 78 156
p/1605940199790.jpg 1 0 0 49 98
p/1605940093792.jpg 1 0 0 47 94
p/1605940085388.jpg 1 0 0 46 92
p/1605940071637.jpg 1 0 0 42 84
p/1605940064399.jpg 1 0 0 42 84
p/1605940050503.jpg 1 0 0 43 86
p/1605940041058.jpg 1 0 0 48 96
p/1605940033376.jpg 1 0 0 48 96
p/1605940023954.jpg 1 0 0 56 112
p/1605940015764.jpg 1 0 0 52 104
p/1605940003998.jpg 1 0 0 48 97
p/1605939981318.jpg 1 0 0 64 128
p/1605939972055.jpg 1 0 0 48 95
p/1605939687953.jpg 1 0 0 52 103
p/1605939657984.jpg 1 0 0 53 106
p/1605939647848.jpg 1 0 0 44 89
p/1605939635376.jpg 1 0 0 47 95
p/1605939627633.jpg 1 0 0 46 92
p/1605939586891.jpg 1 0 0 49 97
p/1605939579798.jpg 1 0 0 50 100
p/1605939573562.jpg 1 0 0 53 106
p/1605939567970.jpg 1 0 0 85 169
p/1605939563130.jpg 1 0 0 44 89
p/1605939558098.jpg 1 0 0 46 92
p/1605939551742.jpg 1 0 0 50 100
p/1605939544459.jpg 1 0 0 49 97
p/1605939541114.jpg 1 0 0 49 97
p/1605939523168.jpg 1 0 0 119 238
p/1605939506168.jpg 1 0 0 50 100
p/1605939498032.jpg 1 0 0 150 301
p/1605939436954.jpg 1 0 0 49 98
p/1605939432745.jpg 1 0 0 42 84
p/1605939422218.jpg 1 0 0 44 88
p/1605939405583.jpg 1 0 0 45 90
p/1605939397173.jpg 1 0 0 57 114
p/1605939389883.jpg 1 0 0 41 83
p/1605939329420.jpg 1 0 0 59 117
p/1605939324449.jpg 1 0 0 75 151
p/1605939320022.jpg 1 0 0 80 160
p/1605939313302.jpg 1 0 0 44 89
p/1605939304864.jpg 1 0 0 49 98
p/1605939298421.jpg 1 0 0 37 74
p/1605939277471.jpg 1 0 0 57 115
p/1605939255558.jpg 1 0 0 74 148
p/1605939216799.jpg 1 0 0 36 72
p/1605939209682.jpg 1 0 0 42 84
p/1605939178601.jpg 1 0 0 45 91
p/1605939172567.jpg 1 0 0 66 132
p/1605939164392.jpg 1 0 0 74 148
p/1605939160293.jpg 1 0 0 48 96
p/1605939155497.jpg 1 0 0 65 129
p/1605939137760.jpg 1 0 0 65 129
p/1605939131727.jpg 1 0 0 92 184
p/1605939125503.jpg 1 0 0 49 98
p/1605939088093.jpg 1 0 0 49 98
p/1605939072057.jpg 1 0 0 43 86
p/1605939046550.jpg 1 0 0 40 79
p/1605939042402.jpg 1 0 0 56 113
p/1605939035993.jpg 1 0 0 67 134
p/1605939030780.jpg 1 0 0 96 192
p/1605939023403.jpg 1 0 0 96 192
p/1605939016681.jpg 1 0 0 87 175
p/1605939010669.jpg 1 0 0 29 57
p/1605939002944.jpg 1 0 0 114 227
p/1605938991863.jpg 1 0 0 50 101
p/1605938983413.jpg 1 0 0 142 285
p/1605938976337.jpg 1 0 0 48 95
p/1605938963438.jpg 1 0 0 44 89
p/1605934211050.jpg 1 0 0 101 202
p/1605934158710.jpg 1 0 0 114 229
p/1605934153890.jpg 1 0 0 49 99
p/1605934146870.jpg 1 0 0 68 135
p/1605934129030.jpg 1 0 0 42 84
p/1605934120002.jpg 1 0 0 43 86
p/1605934103472.jpg 1 0 0 40 80
p/1605934092192.jpg 1 0 0 103 206
p/1605934005733.jpg 1 0 0 50 101
p/1605933993877.jpg 1 0 0 92 184
p/1605933972724.jpg 1 0 0 45 91
p/1605933954231.jpg 1 0 0 43 85
p/1605933945603.jpg 1 0 0 42 84
p/1605933936280.jpg 1 0 0 45 90
p/1605933922081.jpg 1 0 0 46 92
p/1605933915777.jpg 1 0 0 41 82
p/1605933905784.jpg 1 0 0 55 110
p/1605933899167.jpg 1 0 0 49 99
p/1605933889561.jpg 1 0 0 49 98
p/1605933867292.jpg 1 0 0 75 151
p/1605931189583.jpg 1 0 0 56 113
p/1605931182249.jpg 1 0 0 66 132
p/1605931175100.jpg 1 0 0 69 139
p/1605931166333.jpg 1 0 0 62 124
p/1605931160028.jpg 1 0 0 99 199
p/1605931129168.jpg 1 0 0 56 113
p/1605931121691.jpg 1 0 0 55 110
p/1605931096140.jpg 1 0 0 51 103
p/1605931087142.jpg 1 0 0 86 172
p/1605931070177.jpg 1 0 0 53 105
p/1605931056690.jpg 1 0 0 92 184
p/1605931046659.jpg 1 0 0 72 144
p/1605930990041.jpg 1 0 0 50 101
p/1605930985434.jpg 1 0 0 47 93
p/1605930978546.jpg 1 0 0 30 60
p/1605930967716.jpg 1 0 0 67 134
p/1605930961267.jpg 1 0 0 51 103
p/1605930956659.jpg 1 0 0 55 110
p/1605930951987.jpg 1 0 0 56 113
p/1605930947750.jpg 1 0 0 71 141
p/1605930936247.jpg 1 0 0 81 163
p/1605930927693.jpg 1 0 0 56 113
p/1605930921501.jpg 1 0 0 96 192
p/1605930915331.jpg 1 0 0 78 156
p/1605930908578.jpg 1 0 0 77 153
p/1605930899012.jpg 1 0 0 83 165
p/1605930894427.jpg 1 0 0 127 254
p/1605930886653.jpg 1 0 0 124 247
p/1605930880155.jpg 1 0 0 75 151
p/1605930874636.jpg 1 0 0 80 159