p/3721.jpg 1 0 0 101 101
p/3722.jpg 1 0 0 103 103
p/3723.jpg 1 0 0 105 105
p/3724.jpg 1 0 0 100 100
p/3725.jpg 1 0 0 110 110
p/3151.jpg 1 0 0 47 47
p/3152.jpg 1 0 0 49 49
p/3153.jpg 1 0 0 47 47
p/3154.jpg 1 0 0 49 49
p/3178.jpg 1 0 0 70 70
p/3179.jpg 1 0 0 75 75
p/3180.jpg 1 0 0 73 73
p/3181.jpg 1 0 0 76 76
p/3182.jpg 1 0 0 78 78
p/3183.jpg 1 0 0 79 79
p/3184.jpg 1 0 0 79 79
p/3185.jpg 1 0 0 77 77
p/2757.jpg 1 0 0 94 94
p/2758.jpg 1 0 0 103 103
p/2759.jpg 1 0 0 115 115
p/2760.jpg 1 0 0 115 115
p/2722.jpg 1 0 0 73 73
p/2723.jpg 1 0 0 78 78
p/2724.jpg 1 0 0 68 68
p/2725.jpg 1 0 0 73 73
p/2726.jpg 1 0 0 71 71
p/2727.jpg 1 0 0 74 74
p/2728.jpg 1 0 0 71 71
p/2729.jpg 1 0 0 70 70
p/2730.jpg 1 0 0 70 70
p/2731.jpg 1 0 0 52 52
p/2732.jpg 1 0 0 73 73
p/2733.jpg 1 0 0 73 73
p/2734.jpg 1 0 0 75 75
p/2735.jpg 1 0 0 75 75
p/2736.jpg 1 0 0 76 76
p/2446.jpg 1 0 0 119 119
p/2447.jpg 1 0 0 119 119
p/2448.jpg 1 0 0 119 119
p/2449.jpg 1 0 0 122 122
p/2450.jpg 1 0 0 119 119
p/2160.jpg 1 0 0 49 49
p/2161.jpg 1 0 0 51 51
p/2163.jpg 1 0 0 54 54
p/2164.jpg 1 0 0 50 50
p/2165.jpg 1 0 0 50 50
p/2166.jpg 1 0 0 53 53
p/2167.jpg 1 0 0 48 48
p/2168.jpg 1 0 0 48 48
p/2173.jpg 1 0 0 63 63
p/2174.jpg 1 0 0 68 68
p/2175.jpg 1 0 0 67 67
p/2176.jpg 1 0 0 68 68
p/2177.jpg 1 0 0 66 66
p/2178.jpg 1 0 0 66 66
p/2181.jpg 1 0 0 72 72
p/2182.jpg 1 0 0 76 76
p/2183.jpg 1 0 0 73 73
p/2184.jpg 1 0 0 73 73
p/2185.jpg 1 0 0 66 66
p/2186.jpg 1 0 0 70 70
p/2187.jpg 1 0 0 67 67
p/2081.jpg 1 0 0 119 119
p/2082.jpg 1 0 0 154 154
p/2083.jpg 1 0 0 154 154
p/2084.jpg 1 0 0 154 154
p/2085.jpg 1 0 0 166 166
p/2086.jpg 1 0 0 162 162
p/2087.jpg 1 0 0 163 163
p/2088.jpg 1 0 0 162 162
p/2089.jpg 1 0 0 167 167
p/2090.jpg 1 0 0 148 148
p/1944.jpg 1 0 0 119 119
p/1945.jpg 1 0 0 119 119
p/1946.jpg 1 0 0 119 119
p/1947.jpg 1 0 0 119 119
p/1952.jpg 1 0 0 125 125
p/1953.jpg 1 0 0 129 129
p/1954.jpg 1 0 0 133 133
p/1955.jpg 1 0 0 138 138
p/1956.jpg 1 0 0 134 134
p/1957.jpg 1 0 0 136 136
p/1958.jpg 1 0 0 119 119
p/1963.jpg 1 0 0 111 111
p/1964.jpg 1 0 0 125 125
p/1965.jpg 1 0 0 120 120
p/1966.jpg 1 0 0 201 201
p/1967.jpg 1 0 0 130 130
p/1968.jpg 1 0 0 127 127
p/1969.jpg 1 0 0 131 131
p/1669.jpg 1 0 0 67 67
p/1670.jpg 1 0 0 67 67
p/1671.jpg 1 0 0 66 66
p/1672.jpg 1 0 0 66 66
p/1650.jpg 1 0 0 70 70
p/1651.jpg 1 0 0 81 81
p/1652.jpg 1 0 0 86 86
p/1653.jpg 1 0 0 85 85
p/1654.jpg 1 0 0 86 86
p/1655.jpg 1 0 0 90 90
p/1635.jpg 1 0 0 119 119
p/1601.jpg 1 0 0 110 110
p/1609.jpg 1 0 0 91 91
p/1610.jpg 1 0 0 102 102
p/1611.jpg 1 0 0 105 105
p/1612.jpg 1 0 0 110 110
p/1613.jpg 1 0 0 109 109
p/1614.jpg 1 0 0 103 103
p/1615.jpg 1 0 0 111 111
p/1616.jpg 1 0 0 101 101
p/1617.jpg 1 0 0 99 99
p/1618.jpg 1 0 0 111 111
p/1619.jpg 1 0 0 107 107
p/1067.jpg 1 0 0 70 70
p/1068.jpg 1 0 0 72 72
p/1069.jpg 1 0 0 72 72
p/1070.jpg 1 0 0 76 76
p/1071.jpg 1 0 0 73 73
p/1072.jpg 1 0 0 74 74
p/1073.jpg 1 0 0 68 68
p/1074.jpg 1 0 0 70 70
p/1075.jpg 1 0 0 72 72
p/1076.jpg 1 0 0 78 78
p/1077.jpg 1 0 0 74 74
p/1078.jpg 1 0 0 78 78
p/1079.jpg 1 0 0 77 77
p/1080.jpg 1 0 0 74 74
p/1081.jpg 1 0 0 74 74
p/1082.jpg 1 0 0 68 68
p/1083.jpg 1 0 0 70 70
p/1084.jpg 1 0 0 58 58
p/1036.jpg 1 0 0 78 78
p/1037.jpg 1 0 0 93 93
p/1038.jpg 1 0 0 91 91
p/1039.jpg 1 0 0 81 81
p/1040.jpg 1 0 0 80 80
p/1041.jpg 1 0 0 77 77
p/1042.jpg 1 0 0 77 77
p/1043.jpg 1 0 0 80 80
p/1048.jpg 1 0 0 88 88
p/1049.jpg 1 0 0 87 87
p/1050.jpg 1 0 0 98 98
p/1051.jpg 1 0 0 94 94
p/955.jpg 1 0 0 137 137
p/956.jpg 1 0 0 141 141
p/957.jpg 1 0 0 138 138
p/958.jpg 1 0 0 138 138
p/959.jpg 1 0 0 142 142
p/962.jpg 1 0 0 135 135
p/966.jpg 1 0 0 132 132
p/967.jpg 1 0 0 127 127
p/906.jpg 1 0 0 122 122
p/907.jpg 1 0 0 122 122
p/908.jpg 1 0 0 127 127
p/909.jpg 1 0 0 129 129
p/910.jpg 1 0 0 131 131
p/911.jpg 1 0 0 135 135
p/912.jpg 1 0 0 135 135
p/917.jpg 1 0 0 154 154
p/918.jpg 1 0 0 201 201
p/919.jpg 1 0 0 154 154
p/922.jpg 1 0 0 178 178
p/929.jpg 1 0 0 91 91
p/933.jpg 1 0 0 91 91
p/934.jpg 1 0 0 135 135
p/936.jpg 1 0 0 134 134
p/937.jpg 1 0 0 132 132
p/938.jpg 1 0 0 141 141
p/941.jpg 1 0 0 140 140
p/944.jpg 1 0 0 139 139
p/945.jpg 1 0 0 126 126
p/947.jpg 1 0 0 109 109
p/950.jpg 1 0 0 145 145
p/951.jpg 1 0 0 70 70
p/952.jpg 1 0 0 118 118
p/953.jpg 1 0 0 118 118
p/954.jpg 1 0 0 131 131
p/70.jpg 1 0 0 82 82
p/71.jpg 1 0 0 81 81
p/72.jpg 1 0 0 84 84
p/74.jpg 1 0 0 70 70
p/557.jpg 1 0 0 88 88
p/535.jpg 1 0 0 88 88
p/536.jpg 1 0 0 88 88
p/537.jpg 1 0 0 88 88
p/538.jpg 1 0 0 88 88
p/542.jpg 1 0 0 88 88
p/525.jpg 1 0 0 123 123
p/521.jpg 1 0 0 88 88
p/522.jpg 1 0 0 88 88
p/519.jpg 1 0 0 88 88
p/518.jpg 1 0 0 172 172
p/509.jpg 1 0 0 123 123
p/511.jpg 1 0 0 123 123
p/512.jpg 1 0 0 123 123
p/481.jpg 1 0 0 88 88
p/474.jpg 1 0 0 172 172
p/475.jpg 1 0 0 172 172
p/463.jpg 1 0 0 123 123
p/464.jpg 1 0 0 123 123
p/465.jpg 1 0 0 123 123
p/466.jpg 1 0 0 123 123
p/467.jpg 1 0 0 123 123
p/448.jpg 1 0 0 88 88
p/449.jpg 1 0 0 88 88
p/447.jpg 1 0 0 88 88
p/446.jpg 1 0 0 88 88
p/435.jpg 1 0 0 88 88
p/436.jpg 1 0 0 88 88
p/437.jpg 1 0 0 88 88
p/438.jpg 1 0 0 88 88
p/439.jpg 1 0 0 88 88
p/239.jpg 1 0 0 88 88
p/240.jpg 1 0 0 88 88
p/228.jpg 1 0 0 88 88
p/229.jpg 1 0 0 88 88
p/238.jpg 1 0 0 88 88
p/192.jpg 1 0 0 123 123
p/193.jpg 1 0 0 123 123
p/194.jpg 1 0 0 123 123
p/195.jpg 1 0 0 123 123
p/198.jpg 1 0 0 123 123
p/199.jpg 1 0 0 123 123
p/200.jpg 1 0 0 123 123
p/201.jpg 1 0 0 123 123
p/202.jpg 1 0 0 123 123
p/203.jpg 1 0 0 123 123
p/204.jpg 1 0 0 123 123
p/205.jpg 1 0 0 123 123
p/207.jpg 1 0 0 172 172
p/208.jpg 1 0 0 123 123
p/209.jpg 1 0 0 172 172
p/210.jpg 1 0 0 123 123
p/1605946333476.jpg 1 0 0 270 270
p/1605946318946.jpg 1 0 0 68 68
p/1605946294960.jpg 1 0 0 114 114
p/1605946289964.jpg 1 0 0 127 127
p/1605946286986.jpg 1 0 0 123 123
p/1605946283248.jpg 1 0 0 158 158
p/1605946277279.jpg 1 0 0 117 117
p/1605946263614.jpg 1 0 0 304 304
p/1605946255609.jpg 1 0 0 54 54
p/1605946240144.jpg 1 0 0 39 39
p/1605946233352.jpg 1 0 0 135 135
p/1605946228053.jpg 1 0 0 119 119
p/1605946217895.jpg 1 0 0 190 190
p/1605946206574.jpg 1 0 0 143 143
p/1605946199367.jpg 1 0 0 169 169
p/1605945265088.jpg 1 0 0 65 65
p/1605945255090.jpg 1 0 0 66 66
p/1605945240950.jpg 1 0 0 57 57
p/1605945188858.jpg 1 0 0 62 62
p/1605945153611.jpg 1 0 0 67 67
p/1605945140166.jpg 1 0 0 164 164
p/1605945103866.jpg 1 0 0 76 76
p/1605945090809.jpg 1 0 0 132 132
p/1605945051168.jpg 1 0 0 42 42
p/1605945037271.jpg 1 0 0 136 136
p/1605944930406.jpg 1 0 0 27 27
p/1605944812288.jpg 1 0 0 60 60
p/1605944754527.jpg 1 0 0 39 39
p/1605944735201.jpg 1 0 0 173 173
p/1605944680282.jpg 1 0 0 135 135