p/3168.jpg 1 0 0 35 35
p/3206.jpg 1 0 0 39 39
p/3207.jpg 1 0 0 36 36
p/3077.jpg 1 0 0 42 42
p/2326.jpg 1 0 0 38 38
p/2327.jpg 1 0 0 42 42
p/2328.jpg 1 0 0 42 42
p/2329.jpg 1 0 0 39 39
p/857.jpg 1 0 0 39 39
p/878.jpg 1 0 0 48 48
p/892.jpg 1 0 0 48 48
p/903.jpg 1 0 0 49 49
p/916.jpg 1 0 0 42 42
p/548.jpg 1 0 0 42 42
p/549.jpg 1 0 0 42 42
p/550.jpg 1 0 0 40 40
p/551.jpg 1 0 0 36 36
p/513.jpg 1 0 0 32 32
p/514.jpg 1 0 0 34 34
p/515.jpg 1 0 0 34 34
p/212.jpg 1 0 0 90 90
p/213.jpg 1 0 0 90 90
p/214.jpg 1 0 0 90 90
p/139.jpg 1 0 0 36 36
p/140.jpg 1 0 0 36 36
p/10.jpg 1 0 0 33 33
p/11.jpg 1 0 0 32 32
p/12.jpg 1 0 0 32 32
p/13.jpg 1 0 0 32 32
p/14.jpg 1 0 0 35 35
p/5.jpg 1 0 0 32 32
p/6.jpg 1 0 0 34 34
p/7.jpg 1 0 0 32 32
p/8.jpg 1 0 0 32 32
p/9.jpg 1 0 0 34 34
p/1606012738888.jpg 1 0 0 60 60
p/1606012706404.jpg 1 0 0 37 37
p/1606012690498.jpg 1 0 0 40 40
p/1606012646106.jpg 1 0 0 34 34
p/1606012632641.jpg 1 0 0 32 32
p/1606012613151.jpg 1 0 0 58 58
p/1606012598089.jpg 1 0 0 57 57
p/1606012581745.jpg 1 0 0 47 47
p/1606012560144.jpg 1 0 0 33 33
p/1606012521228.jpg 1 0 0 37 37
p/1606012501798.jpg 1 0 0 37 37
p/1606012496350.jpg 1 0 0 43 43
p/1606012490486.jpg 1 0 0 35 35
p/1606012443139.jpg 1 0 0 36 36
p/1606012433494.jpg 1 0 0 42 42
p/1606012424945.jpg 1 0 0 41 41
p/1606012386695.jpg 1 0 0 40 40
p/1606012356832.jpg 1 0 0 46 46
p/1606012347341.jpg 1 0 0 61 61
p/1606012337793.jpg 1 0 0 48 48
p/1606012329458.jpg 1 0 0 58 58
p/1606012310536.jpg 1 0 0 61 61
p/1606012298074.jpg 1 0 0 60 60
p/1606012291077.jpg 1 0 0 61 61
p/1606012257694.jpg 1 0 0 75 75
p/1606012235387.jpg 1 0 0 38 38
p/1606012196223.jpg 1 0 0 38 38
p/1606012184607.jpg 1 0 0 48 48
p/1606011205658.jpg 1 0 0 114 114
p/1606011199313.jpg 1 0 0 60 60
p/1606011196207.jpg 1 0 0 23 23
p/1606011192590.jpg 1 0 0 87 87
p/1606011181693.jpg 1 0 0 51 51
p/1606011134841.jpg 1 0 0 51 51
p/1606011130900.jpg 1 0 0 73 73
p/1606011123341.jpg 1 0 0 39 39
p/1606011112282.jpg 1 0 0 45 45
p/1606011107652.jpg 1 0 0 113 113
p/1606011099482.jpg 1 0 0 65 65
p/1606011095057.jpg 1 0 0 63 63
p/1606011086967.jpg 1 0 0 115 115
p/1606011082726.jpg 1 0 0 195 195
p/1606010672906.jpg 1 0 0 44 44
p/1606010540173.jpg 1 0 0 36 36
p/1606010537801.jpg 1 0 0 40 40
p/1606010534496.jpg 1 0 0 43 43
p/1606010527374.jpg 1 0 0 67 67
p/1606010524133.jpg 1 0 0 71 71
p/1606010484911.jpg 1 0 0 50 50
p/1606010479158.jpg 1 0 0 59 59
p/1606010367858.jpg 1 0 0 20 20
p/1606010364074.jpg 1 0 0 21 21
p/1606010344019.jpg 1 0 0 30 30
p/1606010327099.jpg 1 0 0 35 35
p/1606010324371.jpg 1 0 0 48 48
p/1606010294935.jpg 1 0 0 21 21
p/1606010281017.jpg 1 0 0 31 31
p/1606010276484.jpg 1 0 0 39 39
p/1606010256027.jpg 1 0 0 70 70
p/1606010241627.jpg 1 0 0 49 49
p/1606010237071.jpg 1 0 0 51 51
p/1606010225162.jpg 1 0 0 36 36
p/1606010175326.jpg 1 0 0 29 29
p/1606010161655.jpg 1 0 0 24 24
p/1606010153735.jpg 1 0 0 40 40