p/1710.jpg 1 0 0 44 44
p/1712.jpg 1 0 0 38 38
p/1713.jpg 1 0 0 49 49
p/1654.jpg 1 0 0 36 36
p/1649.jpg 1 0 0 32 32
p/1650.jpg 1 0 0 32 32
p/1651.jpg 1 0 0 32 32
p/1615.jpg 1 0 0 34 34
p/1616.jpg 1 0 0 35 35
p/1618.jpg 1 0 0 32 32
p/1619.jpg 1 0 0 37 37
p/1620.jpg 1 0 0 43 43
p/1621.jpg 1 0 0 36 36
p/1622.jpg 1 0 0 35 35
p/1623.jpg 1 0 0 37 37
p/1624.jpg 1 0 0 42 42
p/1625.jpg 1 0 0 36 36
p/1626.jpg 1 0 0 38 38
p/1628.jpg 1 0 0 40 40
p/1630.jpg 1 0 0 46 46
p/1631.jpg 1 0 0 37 37
p/1632.jpg 1 0 0 37 37
p/1589.jpg 1 0 0 45 45
p/1590.jpg 1 0 0 42 42
p/1591.jpg 1 0 0 40 40
p/1592.jpg 1 0 0 38 38
p/1593.jpg 1 0 0 38 38
p/1594.jpg 1 0 0 45 45
p/1595.jpg 1 0 0 37 37
p/1596.jpg 1 0 0 46 46
p/1598.jpg 1 0 0 47 47
p/1599.jpg 1 0 0 63 63
p/1601.jpg 1 0 0 67 67
p/1602.jpg 1 0 0 71 71
p/1588.jpg 1 0 0 38 38
p/1561.jpg 1 0 0 32 32
p/1562.jpg 1 0 0 32 32
p/1563.jpg 1 0 0 36 36
p/1564.jpg 1 0 0 35 35
p/1565.jpg 1 0 0 32 32
p/1566.jpg 1 0 0 32 32
p/1537.jpg 1 0 0 109 109
p/1544.jpg 1 0 0 46 46
p/1545.jpg 1 0 0 40 40
p/1546.jpg 1 0 0 46 46
p/1547.jpg 1 0 0 43 43
p/1548.jpg 1 0 0 35 35
p/1549.jpg 1 0 0 40 40
p/1550.jpg 1 0 0 32 32
p/1551.jpg 1 0 0 33 33
p/1552.jpg 1 0 0 39 39
p/1553.jpg 1 0 0 39 39
p/1554.jpg 1 0 0 35 35
p/1555.jpg 1 0 0 38 38
p/1556.jpg 1 0 0 35 35
p/1557.jpg 1 0 0 32 32
p/1558.jpg 1 0 0 36 36
p/1559.jpg 1 0 0 36 36
p/1560.jpg 1 0 0 37 37
p/1465.jpg 1 0 0 32 32
p/1446.jpg 1 0 0 34 34
p/1447.jpg 1 0 0 32 32
p/1448.jpg 1 0 0 32 32
p/1449.jpg 1 0 0 33 33
p/1358.jpg 1 0 0 32 32
p/1305.jpg 1 0 0 32 32
p/1306.jpg 1 0 0 37 37
p/1307.jpg 1 0 0 32 32
p/1308.jpg 1 0 0 34 34
p/1309.jpg 1 0 0 37 37
p/1310.jpg 1 0 0 32 32
p/1311.jpg 1 0 0 33 33
p/1312.jpg 1 0 0 32 32
p/1313.jpg 1 0 0 32 32
p/1314.jpg 1 0 0 32 32
p/1315.jpg 1 0 0 36 36
p/1316.jpg 1 0 0 32 32
p/1317.jpg 1 0 0 32 32
p/1318.jpg 1 0 0 32 32
p/1319.jpg 1 0 0 32 32
p/1320.jpg 1 0 0 42 42
p/1321.jpg 1 0 0 36 36
p/1322.jpg 1 0 0 34 34
p/1323.jpg 1 0 0 40 40
p/1324.jpg 1 0 0 39 39
p/1325.jpg 1 0 0 34 34
p/1326.jpg 1 0 0 36 36
p/1327.jpg 1 0 0 39 39
p/1328.jpg 1 0 0 38 38
p/1329.jpg 1 0 0 36 36
p/1330.jpg 1 0 0 37 37
p/1331.jpg 1 0 0 45 45
p/1332.jpg 1 0 0 32 32
p/1333.jpg 1 0 0 36 36
p/1334.jpg 1 0 0 32 32
p/1335.jpg 1 0 0 35 35
p/1336.jpg 1 0 0 32 32
p/1337.jpg 1 0 0 37 37
p/1338.jpg 1 0 0 36 36
p/1339.jpg 1 0 0 39 39
p/1340.jpg 1 0 0 35 35
p/1341.jpg 1 0 0 32 32
p/1342.jpg 1 0 0 35 35
p/1343.jpg 1 0 0 37 37
p/1344.jpg 1 0 0 38 38
p/1345.jpg 1 0 0 32 32
p/1346.jpg 1 0 0 32 32
p/1347.jpg 1 0 0 32 32
p/1348.jpg 1 0 0 35 35
p/1349.jpg 1 0 0 34 34
p/1350.jpg 1 0 0 34 34
p/1351.jpg 1 0 0 35 35
p/1352.jpg 1 0 0 39 39
p/1353.jpg 1 0 0 37 37
p/1354.jpg 1 0 0 36 36
p/1355.jpg 1 0 0 35 35
p/1356.jpg 1 0 0 32 32
p/1357.jpg 1 0 0 35 35
p/1304.jpg 1 0 0 32 32
p/1117.jpg 1 0 0 32 32
p/1071.jpg 1 0 0 47 47
p/1072.jpg 1 0 0 36 36
p/1073.jpg 1 0 0 37 37
p/1074.jpg 1 0 0 40 40
p/1075.jpg 1 0 0 40 40
p/1076.jpg 1 0 0 42 42
p/1077.jpg 1 0 0 42 42
p/1057.jpg 1 0 0 38 38
p/1058.jpg 1 0 0 46 46
p/1059.jpg 1 0 0 40 40
p/1060.jpg 1 0 0 48 48
p/1061.jpg 1 0 0 42 42
p/1062.jpg 1 0 0 37 37
p/1063.jpg 1 0 0 37 37
p/1064.jpg 1 0 0 48 48
p/1065.jpg 1 0 0 48 48
p/1066.jpg 1 0 0 39 39
p/1067.jpg 1 0 0 40 40
p/1024.jpg 1 0 0 32 32
p/1025.jpg 1 0 0 32 32
p/1001.jpg 1 0 0 32 32
p/1002.jpg 1 0 0 35 35
p/1003.jpg 1 0 0 32 32
p/1004.jpg 1 0 0 34 34
p/1005.jpg 1 0 0 37 37
p/1006.jpg 1 0 0 32 32
p/1007.jpg 1 0 0 34 34
p/1008.jpg 1 0 0 36 36
p/1009.jpg 1 0 0 42 42
p/1010.jpg 1 0 0 32 32
p/1011.jpg 1 0 0 42 42
p/1012.jpg 1 0 0 32 32
p/977.jpg 1 0 0 32 32
p/978.jpg 1 0 0 35 35
p/979.jpg 1 0 0 32 32
p/980.jpg 1 0 0 35 35
p/981.jpg 1 0 0 32 32
p/982.jpg 1 0 0 36 36
p/983.jpg 1 0 0 33 33
p/984.jpg 1 0 0 39 39
p/985.jpg 1 0 0 41 41
p/986.jpg 1 0 0 43 43
p/987.jpg 1 0 0 39 39
p/989.jpg 1 0 0 32 32
p/990.jpg 1 0 0 34 34
p/992.jpg 1 0 0 32 32
p/993.jpg 1 0 0 42 42
p/996.jpg 1 0 0 32 32
p/997.jpg 1 0 0 36 36
p/998.jpg 1 0 0 32 32
p/999.jpg 1 0 0 32 32
p/950.jpg 1 0 0 37 37
p/951.jpg 1 0 0 32 32
p/952.jpg 1 0 0 32 32
p/953.jpg 1 0 0 37 37
p/954.jpg 1 0 0 41 41
p/955.jpg 1 0 0 48 48
p/956.jpg 1 0 0 37 37
p/957.jpg 1 0 0 34 34
p/958.jpg 1 0 0 38 38
p/959.jpg 1 0 0 32 32
p/960.jpg 1 0 0 39 39
p/966.jpg 1 0 0 43 43
p/967.jpg 1 0 0 48 48
p/968.jpg 1 0 0 54 54
p/827.jpg 1 0 0 34 34
p/828.jpg 1 0 0 32 32
p/829.jpg 1 0 0 32 32
p/831.jpg 1 0 0 38 38
p/832.jpg 1 0 0 39 39
p/833.jpg 1 0 0 36 36
p/834.jpg 1 0 0 32 32
p/836.jpg 1 0 0 38 38
p/837.jpg 1 0 0 32 32
p/838.jpg 1 0 0 32 32
p/839.jpg 1 0 0 50 50
p/843.jpg 1 0 0 32 32
p/844.jpg 1 0 0 34 34
p/845.jpg 1 0 0 35 35
p/846.jpg 1 0 0 32 32
p/847.jpg 1 0 0 32 32
p/848.jpg 1 0 0 32 32
p/849.jpg 1 0 0 37 37
p/850.jpg 1 0 0 33 33
p/851.jpg 1 0 0 32 32
p/852.jpg 1 0 0 32 32
p/853.jpg 1 0 0 33 33
p/854.jpg 1 0 0 32 32
p/855.jpg 1 0 0 32 32
p/856.jpg 1 0 0 32 32
p/857.jpg 1 0 0 32 32
p/858.jpg 1 0 0 32 32
p/859.jpg 1 0 0 32 32
p/860.jpg 1 0 0 38 38
p/861.jpg 1 0 0 41 41
p/862.jpg 1 0 0 38 38
p/863.jpg 1 0 0 36 36
p/864.jpg 1 0 0 45 45
p/865.jpg 1 0 0 39 39
p/866.jpg 1 0 0 36 36
p/867.jpg 1 0 0 37 37
p/868.jpg 1 0 0 32 32
p/869.jpg 1 0 0 35 35
p/870.jpg 1 0 0 37 37
p/871.jpg 1 0 0 32 32
p/872.jpg 1 0 0 45 45
p/873.jpg 1 0 0 45 45
p/874.jpg 1 0 0 44 44
p/875.jpg 1 0 0 42 42
p/876.jpg 1 0 0 37 37
p/877.jpg 1 0 0 39 39
p/878.jpg 1 0 0 42 42
p/782.jpg 1 0 0 34 34
p/783.jpg 1 0 0 32 32
p/784.jpg 1 0 0 32 32
p/785.jpg 1 0 0 32 32
p/786.jpg 1 0 0 37 37
p/787.jpg 1 0 0 39 39
p/788.jpg 1 0 0 37 37
p/789.jpg 1 0 0 42 42
p/790.jpg 1 0 0 42 42
p/791.jpg 1 0 0 39 39
p/792.jpg 1 0 0 36 36
p/793.jpg 1 0 0 37 37
p/795.jpg 1 0 0 70 70
p/796.jpg 1 0 0 68 68
p/798.jpg 1 0 0 63 63
p/799.jpg 1 0 0 69 69
p/801.jpg 1 0 0 119 119
p/808.jpg 1 0 0 32 32
p/809.jpg 1 0 0 32 32
p/810.jpg 1 0 0 32 32
p/811.jpg 1 0 0 32 32
p/812.jpg 1 0 0 32 32
p/813.jpg 1 0 0 32 32
p/814.jpg 1 0 0 34 34
p/815.jpg 1 0 0 32 32
p/816.jpg 1 0 0 42 42
p/817.jpg 1 0 0 42 42
p/818.jpg 1 0 0 36 36
p/819.jpg 1 0 0 45 45
p/820.jpg 1 0 0 36 36
p/821.jpg 1 0 0 42 42
p/823.jpg 1 0 0 51 51
p/824.jpg 1 0 0 62 62
p/761.jpg 1 0 0 32 32
p/762.jpg 1 0 0 32 32
p/763.jpg 1 0 0 34 34
p/759.jpg 1 0 0 32 32
p/748.jpg 1 0 0 35 35
p/749.jpg 1 0 0 32 32
p/753.jpg 1 0 0 39 39
p/754.jpg 1 0 0 35 35
p/755.jpg 1 0 0 32 32
p/756.jpg 1 0 0 32 32
p/757.jpg 1 0 0 32 32
p/758.jpg 1 0 0 32 32
p/717.jpg 1 0 0 32 32
p/718.jpg 1 0 0 32 32
p/727.jpg 1 0 0 34 34
p/728.jpg 1 0 0 35 35
p/729.jpg 1 0 0 32 32
p/730.jpg 1 0 0 34 34
p/731.jpg 1 0 0 32 32
p/732.jpg 1 0 0 35 35
p/733.jpg 1 0 0 37 37
p/734.jpg 1 0 0 34 34
p/735.jpg 1 0 0 35 35
p/736.jpg 1 0 0 39 39
p/737.jpg 1 0 0 38 38
p/738.jpg 1 0 0 38 38
p/739.jpg 1 0 0 37 37
p/740.jpg 1 0 0 32 32
p/741.jpg 1 0 0 34 34
p/742.jpg 1 0 0 36 36
p/743.jpg 1 0 0 38 38
p/744.jpg 1 0 0 32 32
p/745.jpg 1 0 0 36 36
p/746.jpg 1 0 0 33 33
p/747.jpg 1 0 0 35 35
p/713.jpg 1 0 0 32 32
p/714.jpg 1 0 0 32 32
p/716.jpg 1 0 0 32 32
p/693.jpg 1 0 0 34 34
p/694.jpg 1 0 0 32 32
p/696.jpg 1 0 0 41 41
p/697.jpg 1 0 0 36 36
p/698.jpg 1 0 0 37 37
p/699.jpg 1 0 0 38 38
p/700.jpg 1 0 0 39 39
p/701.jpg 1 0 0 42 42
p/702.jpg 1 0 0 34 34
p/703.jpg 1 0 0 34 34
p/704.jpg 1 0 0 40 40
p/705.jpg 1 0 0 37 37
p/706.jpg 1 0 0 36 36
p/472.jpg 1 0 0 36 36
p/473.jpg 1 0 0 45 45
p/474.jpg 1 0 0 34 34
p/475.jpg 1 0 0 32 32
p/476.jpg 1 0 0 36 36
p/477.jpg 1 0 0 35 35
p/478.jpg 1 0 0 44 44
p/479.jpg 1 0 0 32 32
p/480.jpg 1 0 0 45 45
p/481.jpg 1 0 0 45 45
p/482.jpg 1 0 0 38 38
p/483.jpg 1 0 0 34 34
p/484.jpg 1 0 0 32 32
p/485.jpg 1 0 0 34 34
p/486.jpg 1 0 0 50 50
p/487.jpg 1 0 0 45 45
p/488.jpg 1 0 0 48 48
p/489.jpg 1 0 0 42 42
p/490.jpg 1 0 0 38 38
p/491.jpg 1 0 0 34 34
p/492.jpg 1 0 0 37 37
p/493.jpg 1 0 0 37 37
p/494.jpg 1 0 0 32 32
p/495.jpg 1 0 0 36 36
p/496.jpg 1 0 0 34 34
p/497.jpg 1 0 0 36 36
p/498.jpg 1 0 0 56 56
p/499.jpg 1 0 0 59 59
p/500.jpg 1 0 0 36 36
p/501.jpg 1 0 0 42 42
p/502.jpg 1 0 0 46 46
p/503.jpg 1 0 0 49 49
p/504.jpg 1 0 0 37 37
p/505.jpg 1 0 0 42 42
p/506.jpg 1 0 0 42 42
p/507.jpg 1 0 0 65 65
p/508.jpg 1 0 0 32 32
p/509.jpg 1 0 0 65 65
p/510.jpg 1 0 0 46 46
p/511.jpg 1 0 0 47 47
p/512.jpg 1 0 0 54 54
p/513.jpg 1 0 0 58 58
p/514.jpg 1 0 0 46 46
p/515.jpg 1 0 0 36 36
p/516.jpg 1 0 0 34 34
p/517.jpg 1 0 0 54 54
p/518.jpg 1 0 0 58 58
p/519.jpg 1 0 0 45 45
p/520.jpg 1 0 0 39 39
p/521.jpg 1 0 0 37 37
p/522.jpg 1 0 0 61 61
p/523.jpg 1 0 0 57 57
p/524.jpg 1 0 0 52 52
p/525.jpg 1 0 0 49 49
p/526.jpg 1 0 0 56 56
p/527.jpg 1 0 0 58 58
p/528.jpg 1 0 0 49 49
p/529.jpg 1 0 0 54 54
p/309.jpg 1 0 0 46 46
p/310.jpg 1 0 0 33 33
p/311.jpg 1 0 0 42 42
p/312.jpg 1 0 0 39 39
p/118.jpg 1 0 0 32 32
p/119.jpg 1 0 0 38 38
p/121.jpg 1 0 0 38 38
p/122.jpg 1 0 0 36 36
p/123.jpg 1 0 0 36 36
p/124.jpg 1 0 0 35 35
p/125.jpg 1 0 0 33 33
p/126.jpg 1 0 0 35 35
p/127.jpg 1 0 0 35 35
p/128.jpg 1 0 0 37 37
p/129.jpg 1 0 0 32 32
p/130.jpg 1 0 0 36 36
p/132.jpg 1 0 0 34 34
p/134.jpg 1 0 0 42 42
p/135.jpg 1 0 0 40 40
p/137.jpg 1 0 0 39 39
p/139.jpg 1 0 0 44 44
p/140.jpg 1 0 0 34 34
p/141.jpg 1 0 0 36 36
p/142.jpg 1 0 0 55 55
p/143.jpg 1 0 0 37 37
p/147.jpg 1 0 0 41 41
p/149.jpg 1 0 0 42 42
p/151.jpg 1 0 0 37 37
p/152.jpg 1 0 0 63 63
p/153.jpg 1 0 0 36 36
p/154.jpg 1 0 0 36 36
p/156.jpg 1 0 0 36 36
p/157.jpg 1 0 0 32 32
p/158.jpg 1 0 0 32 32
p/159.jpg 1 0 0 54 54
p/160.jpg 1 0 0 42 42
p/161.jpg 1 0 0 36 36
p/164.jpg 1 0 0 41 41
p/165.jpg 1 0 0 36 36
p/166.jpg 1 0 0 38 38
p/168.jpg 1 0 0 36 36
p/169.jpg 1 0 0 64 64
p/170.jpg 1 0 0 64 64
p/171.jpg 1 0 0 34 34
p/172.jpg 1 0 0 42 42
p/173.jpg 1 0 0 76 76
p/174.jpg 1 0 0 41 41
p/175.jpg 1 0 0 79 79
p/176.jpg 1 0 0 36 36
p/177.jpg 1 0 0 71 71
p/180.jpg 1 0 0 70 70
p/181.jpg 1 0 0 91 91
p/182.jpg 1 0 0 74 74
p/189.jpg 1 0 0 77 77
p/191.jpg 1 0 0 54 54
p/192.jpg 1 0 0 42 42
p/193.jpg 1 0 0 66 66
p/194.jpg 1 0 0 47 47
p/195.jpg 1 0 0 67 67
p/196.jpg 1 0 0 43 43
p/197.jpg 1 0 0 63 63
p/198.jpg 1 0 0 66 66
p/199.jpg 1 0 0 45 45
p/200.jpg 1 0 0 42 42
p/201.jpg 1 0 0 53 53
p/202.jpg 1 0 0 43 43
p/203.jpg 1 0 0 60 60
p/204.jpg 1 0 0 60 60
p/205.jpg 1 0 0 67 67
p/206.jpg 1 0 0 63 63
p/207.jpg 1 0 0 58 58
p/208.jpg 1 0 0 62 62
p/209.jpg 1 0 0 47 47
p/210.jpg 1 0 0 48 48
p/211.jpg 1 0 0 44 44
p/212.jpg 1 0 0 32 32
p/213.jpg 1 0 0 47 47
p/214.jpg 1 0 0 48 48
p/215.jpg 1 0 0 45 45
p/216.jpg 1 0 0 32 32
p/217.jpg 1 0 0 34 34
p/218.jpg 1 0 0 41 41
p/219.jpg 1 0 0 36 36
p/220.jpg 1 0 0 46 46
p/221.jpg 1 0 0 52 52
p/222.jpg 1 0 0 55 55
p/223.jpg 1 0 0 53 53
p/224.jpg 1 0 0 46 46
p/225.jpg 1 0 0 48 48
p/226.jpg 1 0 0 40 40
p/227.jpg 1 0 0 38 38
p/228.jpg 1 0 0 38 38
p/229.jpg 1 0 0 37 37
p/230.jpg 1 0 0 40 40
p/231.jpg 1 0 0 42 42
p/232.jpg 1 0 0 35 35
p/233.jpg 1 0 0 39 39
p/234.jpg 1 0 0 37 37
p/235.jpg 1 0 0 42 42
p/236.jpg 1 0 0 38 38
p/237.jpg 1 0 0 35 35
p/238.jpg 1 0 0 37 37
p/239.jpg 1 0 0 36 36
p/240.jpg 1 0 0 32 32
p/241.jpg 1 0 0 48 48
p/242.jpg 1 0 0 39 39
p/243.jpg 1 0 0 46 46
p/244.jpg 1 0 0 45 45
p/245.jpg 1 0 0 45 45
p/246.jpg 1 0 0 41 41
p/247.jpg 1 0 0 45 45
p/248.jpg 1 0 0 45 45
p/249.jpg 1 0 0 41 41
p/250.jpg 1 0 0 36 36
p/251.jpg 1 0 0 37 37
p/252.jpg 1 0 0 38 38
p/253.jpg 1 0 0 34 34
p/254.jpg 1 0 0 32 32
p/255.jpg 1 0 0 32 32
p/256.jpg 1 0 0 32 32
p/257.jpg 1 0 0 32 32
p/258.jpg 1 0 0 34 34
p/259.jpg 1 0 0 32 32
p/260.jpg 1 0 0 39 39
p/261.jpg 1 0 0 47 47
p/262.jpg 1 0 0 46 46
p/263.jpg 1 0 0 36 36
p/264.jpg 1 0 0 35 35
p/265.jpg 1 0 0 37 37
p/266.jpg 1 0 0 35 35
p/267.jpg 1 0 0 38 38
p/268.jpg 1 0 0 35 35
p/269.jpg 1 0 0 32 32
p/270.jpg 1 0 0 37 37
p/271.jpg 1 0 0 42 42
p/272.jpg 1 0 0 32 32
p/273.jpg 1 0 0 39 39
p/274.jpg 1 0 0 43 43
p/275.jpg 1 0 0 44 44
p/276.jpg 1 0 0 38 38
p/277.jpg 1 0 0 40 40
p/278.jpg 1 0 0 47 47
p/279.jpg 1 0 0 32 32
p/280.jpg 1 0 0 32 32
p/281.jpg 1 0 0 37 37
p/282.jpg 1 0 0 32 32
p/283.jpg 1 0 0 39 39
p/284.jpg 1 0 0 34 34
p/285.jpg 1 0 0 38 38
p/286.jpg 1 0 0 32 32
p/287.jpg 1 0 0 38 38
p/288.jpg 1 0 0 38 38
p/289.jpg 1 0 0 34 34
p/290.jpg 1 0 0 38 38
p/291.jpg 1 0 0 32 32
p/292.jpg 1 0 0 32 32
p/293.jpg 1 0 0 39 39
p/294.jpg 1 0 0 32 32
p/295.jpg 1 0 0 39 39
p/296.jpg 1 0 0 35 35
p/297.jpg 1 0 0 34 34
p/298.jpg 1 0 0 35 35
p/299.jpg 1 0 0 35 35
p/300.jpg 1 0 0 35 35
p/301.jpg 1 0 0 32 32
p/302.jpg 1 0 0 35 35
p/303.jpg 1 0 0 34 34
p/304.jpg 1 0 0 35 35
p/305.jpg 1 0 0 32 32
p/306.jpg 1 0 0 34 34
p/307.jpg 1 0 0 35 35
p/113.jpg 1 0 0 32 32
p/114.jpg 1 0 0 35 35
p/115.jpg 1 0 0 36 36
p/116.jpg 1 0 0 32 32
p/117.jpg 1 0 0 32 32
p/58.jpg 1 0 0 32 32
p/59.jpg 1 0 0 32 32
p/61.jpg 1 0 0 32 32
p/62.jpg 1 0 0 32 32
p/63.jpg 1 0 0 32 32
p/64.jpg 1 0 0 34 34
p/65.jpg 1 0 0 32 32
p/4156.jpg 1 0 0 70 70
p/4157.jpg 1 0 0 70 70
p/4158.jpg 1 0 0 54 54
p/4159.jpg 1 0 0 91 91
p/4160.jpg 1 0 0 75 75
p/4161.jpg 1 0 0 91 91
p/4162.jpg 1 0 0 70 70
p/4164.jpg 1 0 0 70 70
p/4166.jpg 1 0 0 70 70
p/4169.jpg 1 0 0 70 70
p/4170.jpg 1 0 0 91 91
p/4172.jpg 1 0 0 70 70
p/4175.jpg 1 0 0 70 70
p/4182.jpg 1 0 0 66 66
p/4183.jpg 1 0 0 70 70
p/4184.jpg 1 0 0 68 68
p/4186.jpg 1 0 0 70 70
p/4193.jpg 1 0 0 70 70
p/4194.jpg 1 0 0 70 70
p/4197.jpg 1 0 0 79 79
p/4199.jpg 1 0 0 85 85
p/4202.jpg 1 0 0 86 86
p/4120.jpg 1 0 0 60 60
p/4121.jpg 1 0 0 70 70
p/4122.jpg 1 0 0 70 70
p/4123.jpg 1 0 0 70 70
p/4124.jpg 1 0 0 70 70
p/4125.jpg 1 0 0 62 62
p/4126.jpg 1 0 0 62 62
p/4127.jpg 1 0 0 70 70
p/4128.jpg 1 0 0 70 70
p/4129.jpg 1 0 0 70 70
p/4130.jpg 1 0 0 68 68
p/4132.jpg 1 0 0 70 70
p/4133.jpg 1 0 0 75 75
p/4134.jpg 1 0 0 75 75
p/4135.jpg 1 0 0 80 80
p/4136.jpg 1 0 0 66 66
p/4137.jpg 1 0 0 70 70
p/4138.jpg 1 0 0 70 70
p/4139.jpg 1 0 0 70 70
p/4140.jpg 1 0 0 70 70
p/4141.jpg 1 0 0 77 77
p/4142.jpg 1 0 0 70 70
p/4143.jpg 1 0 0 70 70
p/4144.jpg 1 0 0 70 70
p/4145.jpg 1 0 0 67 67
p/4146.jpg 1 0 0 91 91
p/4147.jpg 1 0 0 73 73
p/4148.jpg 1 0 0 70 70
p/4149.jpg 1 0 0 70 70
p/4150.jpg 1 0 0 70 70
p/4152.jpg 1 0 0 70 70
p/4153.jpg 1 0 0 70 70
p/4155.jpg 1 0 0 70 70
p/2756.jpg 1 0 0 68 68
p/2394.jpg 1 0 0 70 70
p/2395.jpg 1 0 0 70 70
p/2396.jpg 1 0 0 70 70
p/2205.jpg 1 0 0 70 70
p/1986.jpg 1 0 0 70 70
p/1987.jpg 1 0 0 70 70
p/1988.jpg 1 0 0 70 70
p/1989.jpg 1 0 0 68 68
p/1687.jpg 1 0 0 48 48
p/1663.jpg 1 0 0 66 66
p/1664.jpg 1 0 0 42 42
p/1665.jpg 1 0 0 42 42
p/1667.jpg 1 0 0 45 45
p/1568.jpg 1 0 0 66 66
p/1569.jpg 1 0 0 70 70
p/1570.jpg 1 0 0 91 91
p/1572.jpg 1 0 0 91 91
p/1573.jpg 1 0 0 91 91
p/1575.jpg 1 0 0 70 70